<?xml version="1.0" encoding="UTF-8"?>
<!-- Generated by org.testng.reporters.JUnitXMLReporter -->
<testsuite ignored="0" hostname="ArunMotoori" failures="0" tests="4" name="Default test" time="47.921" errors="0" timestamp="2025-09-08T21:19:21 IST">
  <testcase classname="tests.Register" name="verifyRegisterAccountUsingMandatoryFields" time="3.891"/>
  <testcase classname="tests.Register" name="verifyRegisteringAnAccountByProvidingAllTheFields" time="4.663"/>
  <testcase classname="tests.Register" name="verifyRegisteringBySubscribingToNewsletter" time="4.012"/>
  <testcase classname="tests.Register" name="verifyRegistringByNotSubscribingToNewsletter" time="3.218"/>
</testsuite> <!-- Default test -->
