<?xml version="1.0" encoding="UTF-8"?>
<!-- Generated by org.testng.reporters.JUnitXMLReporter -->
<testsuite ignored="0" hostname="ArunMotoori" failures="0" tests="3" name="Default test" time="17.115" errors="0" timestamp="2025-09-15T20:51:34 IST">
  <testcase classname="tests.Search" name="verifySearchingWithExistingProductName" time="0.652"/>
  <testcase classname="tests.Search" name="verifySearchingWithNonExistingProductName" time="0.588"/>
  <testcase classname="tests.Search" name="verifySearchingWithoutProvidingAnyProductName" time="0.331"/>
</testsuite> <!-- Default test -->
