<?xml version="1.0" encoding="UTF-8"?>
<!-- Generated by org.testng.reporters.JUnitXMLReporter -->
<testsuite ignored="0" hostname="ArunMotoori" failures="0" tests="3" name="Test" time="9.991" errors="0" timestamp="2025-09-19T21:30:57 IST">
  <testcase classname="tests.Search" name="verifySearchingWithExistingProductName" time="0.692"/>
  <testcase classname="tests.Search" name="verifySearchingWithNonExistingProductName" time="0.621"/>
  <testcase classname="tests.Search" name="verifySearchingWithoutProvidingAnyProductName" time="0.409"/>
</testsuite> <!-- Test -->
