<?xml version="1.0" encoding="UTF-8"?>
<!-- Generated by org.testng.reporters.JUnitXMLReporter -->
<testsuite ignored="0" hostname="ArunMotoori" failures="4" tests="4" name="Test" time="23.311" errors="0" timestamp="2025-09-25T21:09:35 IST">
  <testcase classname="tests.Register" name="verifyRegisterAccountUsingMandatoryFields" time="0.427">
    <failure type="java.lang.NullPointerException" message="Cannot invoke &amp;quot;java.util.Properties.getProperty(String)&amp;quot; because &amp;quot;this.prop&amp;quot; is null">
      <![CDATA[java.lang.NullPointerException: Cannot invoke "java.util.Properties.getProperty(String)" because "this.prop" is null
at tests.Register.verifyRegisterAccountUsingMandatoryFields(Register.java:38)
at java.base/java.util.ArrayList.forEach(ArrayList.java:1596)
... Removed 25 stack frames]]>
    </failure>
  </testcase> <!-- verifyRegisterAccountUsingMandatoryFields -->
  <testcase classname="tests.Register" name="verifyRegisteringAnAccountByProvidingAllTheFields" time="0.009">
    <failure type="java.lang.NullPointerException" message="Cannot invoke &amp;quot;java.util.Properties.getProperty(String)&amp;quot; because &amp;quot;this.prop&amp;quot; is null">
      <![CDATA[java.lang.NullPointerException: Cannot invoke "java.util.Properties.getProperty(String)" because "this.prop" is null
at tests.Register.verifyRegisteringAnAccountByProvidingAllTheFields(Register.java:60)
at java.base/java.util.ArrayList.forEach(ArrayList.java:1596)
... Removed 25 stack frames]]>
    </failure>
  </testcase> <!-- verifyRegisteringAnAccountByProvidingAllTheFields -->
  <testcase classname="tests.Register" name="verifyRegisteringBySubscribingToNewsletter" time="0.003">
    <failure type="java.lang.NullPointerException" message="Cannot invoke &amp;quot;java.util.Properties.getProperty(String)&amp;quot; because &amp;quot;this.prop&amp;quot; is null">
      <![CDATA[java.lang.NullPointerException: Cannot invoke "java.util.Properties.getProperty(String)" because "this.prop" is null
at tests.Register.verifyRegisteringBySubscribingToNewsletter(Register.java:83)
at java.base/java.util.ArrayList.forEach(ArrayList.java:1596)
... Removed 25 stack frames]]>
    </failure>
  </testcase> <!-- verifyRegisteringBySubscribingToNewsletter -->
  <testcase classname="tests.Register" name="verifyRegistringByNotSubscribingToNewsletter" time="0.003">
    <failure type="java.lang.NullPointerException" message="Cannot invoke &amp;quot;java.util.Properties.getProperty(String)&amp;quot; because &amp;quot;this.prop&amp;quot; is null">
      <![CDATA[java.lang.NullPointerException: Cannot invoke "java.util.Properties.getProperty(String)" because "this.prop" is null
at tests.Register.verifyRegistringByNotSubscribingToNewsletter(Register.java:105)
at java.base/java.util.ArrayList.forEach(ArrayList.java:1596)
... Removed 25 stack frames]]>
    </failure>
  </testcase> <!-- verifyRegistringByNotSubscribingToNewsletter -->
</testsuite> <!-- Test -->
