<?xml version="1.0" encoding="UTF-8"?>
<testng-results ignored="0" total="7" passed="7" failed="0" skipped="0">
  <reporter-output>
  </reporter-output>
  <suite started-at="2025-09-26T21:32:23 IST" name="Suite" finished-at="2025-09-26T21:32:59 IST" duration-ms="35328">
    <groups>
    </groups>
    <test started-at="2025-09-26T21:32:23 IST" name="Test" finished-at="2025-09-26T21:32:59 IST" duration-ms="35328">
      <class name="tests.Login">
        <test-method is-config="true" signature="setup()[pri:0, instance:tests.Login@5bf0d49]" started-at="2025-09-26T21:32:24 IST" name="setup" finished-at="2025-09-26T21:32:29 IST" duration-ms="5023" status="PASS">
          <reporter-output>
          </reporter-output>
        </test-method> <!-- setup -->
        <test-method signature="verifyLoginWithValidCredentias(java.util.HashMap)[pri:1, instance:tests.Login@5bf0d49]" started-at="2025-09-26T21:32:29 IST" name="verifyLoginWithValidCredentias" data-provider="loginDataProvider" finished-at="2025-09-26T21:32:32 IST" duration-ms="2226" status="PASS">
          <params>
            <param index="0">
              <value>
                <![CDATA[{Username=amotoorib6@gmail.com, Password=abcde}]]>
              </value>
            </param>
          </params>
          <reporter-output>
          </reporter-output>
        </test-method> <!-- verifyLoginWithValidCredentias -->
        <test-method is-config="true" signature="teardown()[pri:0, instance:tests.Login@5bf0d49]" started-at="2025-09-26T21:32:32 IST" name="teardown" finished-at="2025-09-26T21:32:32 IST" duration-ms="399" status="PASS">
          <reporter-output>
          </reporter-output>
        </test-method> <!-- teardown -->
        <test-method is-config="true" signature="setup()[pri:0, instance:tests.Login@5bf0d49]" started-at="2025-09-26T21:32:32 IST" name="setup" finished-at="2025-09-26T21:32:35 IST" duration-ms="2784" status="PASS">
          <reporter-output>
          </reporter-output>
        </test-method> <!-- setup -->
        <test-method signature="verifyLoginWithValidCredentias(java.util.HashMap)[pri:1, instance:tests.Login@5bf0d49]" started-at="2025-09-26T21:32:35 IST" name="verifyLoginWithValidCredentias" data-provider="loginDataProvider" finished-at="2025-09-26T21:32:37 IST" duration-ms="2099" status="PASS">
          <params>
            <param index="0">
              <value>
                <![CDATA[{Username=vdb6@gmail.com, Password=fghij}]]>
              </value>
            </param>
          </params>
          <reporter-output>
          </reporter-output>
        </test-method> <!-- verifyLoginWithValidCredentias -->
        <test-method is-config="true" signature="teardown()[pri:0, instance:tests.Login@5bf0d49]" started-at="2025-09-26T21:32:37 IST" name="teardown" finished-at="2025-09-26T21:32:37 IST" duration-ms="296" status="PASS">
          <reporter-output>
          </reporter-output>
        </test-method> <!-- teardown -->
        <test-method is-config="true" signature="setup()[pri:0, instance:tests.Login@5bf0d49]" started-at="2025-09-26T21:32:37 IST" name="setup" finished-at="2025-09-26T21:32:40 IST" duration-ms="2369" status="PASS">
          <reporter-output>
          </reporter-output>
        </test-method> <!-- setup -->
        <test-method signature="verifyLoginWithValidCredentias(java.util.HashMap)[pri:1, instance:tests.Login@5bf0d49]" started-at="2025-09-26T21:32:40 IST" name="verifyLoginWithValidCredentias" data-provider="loginDataProvider" finished-at="2025-09-26T21:32:41 IST" duration-ms="1611" status="PASS">
          <params>
            <param index="0">
              <value>
                <![CDATA[{Username=tbb6@gmail.com, Password=klmno}]]>
              </value>
            </param>
          </params>
          <reporter-output>
          </reporter-output>
        </test-method> <!-- verifyLoginWithValidCredentias -->
        <test-method is-config="true" signature="teardown()[pri:0, instance:tests.Login@5bf0d49]" started-at="2025-09-26T21:32:41 IST" name="teardown" finished-at="2025-09-26T21:32:41 IST" duration-ms="259" status="PASS">
          <reporter-output>
          </reporter-output>
        </test-method> <!-- teardown -->
        <test-method is-config="true" signature="setup()[pri:0, instance:tests.Login@5bf0d49]" started-at="2025-09-26T21:32:41 IST" name="setup" finished-at="2025-09-26T21:32:44 IST" duration-ms="2531" status="PASS">
          <reporter-output>
          </reporter-output>
        </test-method> <!-- setup -->
        <test-method signature="verifyLoginWithInvalidCredentials()[pri:2, instance:tests.Login@5bf0d49]" started-at="2025-09-26T21:32:44 IST" name="verifyLoginWithInvalidCredentials" finished-at="2025-09-26T21:32:45 IST" duration-ms="1495" status="PASS">
          <reporter-output>
          </reporter-output>
        </test-method> <!-- verifyLoginWithInvalidCredentials -->
        <test-method is-config="true" signature="teardown()[pri:0, instance:tests.Login@5bf0d49]" started-at="2025-09-26T21:32:45 IST" name="teardown" finished-at="2025-09-26T21:32:46 IST" duration-ms="257" status="PASS">
          <reporter-output>
          </reporter-output>
        </test-method> <!-- teardown -->
        <test-method is-config="true" signature="setup()[pri:0, instance:tests.Login@5bf0d49]" started-at="2025-09-26T21:32:46 IST" name="setup" finished-at="2025-09-26T21:32:48 IST" duration-ms="2700" status="PASS">
          <reporter-output>
          </reporter-output>
        </test-method> <!-- setup -->
        <test-method signature="verifyLoginWithInvalidEmailAndValidPassword()[pri:3, instance:tests.Login@5bf0d49]" started-at="2025-09-26T21:32:48 IST" name="verifyLoginWithInvalidEmailAndValidPassword" finished-at="2025-09-26T21:32:50 IST" duration-ms="1533" status="PASS">
          <reporter-output>
          </reporter-output>
        </test-method> <!-- verifyLoginWithInvalidEmailAndValidPassword -->
        <test-method is-config="true" signature="teardown()[pri:0, instance:tests.Login@5bf0d49]" started-at="2025-09-26T21:32:50 IST" name="teardown" finished-at="2025-09-26T21:32:50 IST" duration-ms="260" status="PASS">
          <reporter-output>
          </reporter-output>
        </test-method> <!-- teardown -->
        <test-method is-config="true" signature="setup()[pri:0, instance:tests.Login@5bf0d49]" started-at="2025-09-26T21:32:50 IST" name="setup" finished-at="2025-09-26T21:32:53 IST" duration-ms="2576" status="PASS">
          <reporter-output>
          </reporter-output>
        </test-method> <!-- setup -->
        <test-method signature="verifyLoginWithValidEmailAndInvalidPassword()[pri:4, instance:tests.Login@5bf0d49]" started-at="2025-09-26T21:32:53 IST" name="verifyLoginWithValidEmailAndInvalidPassword" finished-at="2025-09-26T21:32:54 IST" duration-ms="1643" status="PASS">
          <reporter-output>
          </reporter-output>
        </test-method> <!-- verifyLoginWithValidEmailAndInvalidPassword -->
        <test-method is-config="true" signature="teardown()[pri:0, instance:tests.Login@5bf0d49]" started-at="2025-09-26T21:32:54 IST" name="teardown" finished-at="2025-09-26T21:32:55 IST" duration-ms="241" status="PASS">
          <reporter-output>
          </reporter-output>
        </test-method> <!-- teardown -->
        <test-method is-config="true" signature="setup()[pri:0, instance:tests.Login@5bf0d49]" started-at="2025-09-26T21:32:55 IST" name="setup" finished-at="2025-09-26T21:32:57 IST" duration-ms="2580" status="PASS">
          <reporter-output>
          </reporter-output>
        </test-method> <!-- setup -->
        <test-method signature="verifyLoginWithoutEnteringAnyCredentials()[pri:5, instance:tests.Login@5bf0d49]" started-at="2025-09-26T21:32:57 IST" name="verifyLoginWithoutEnteringAnyCredentials" finished-at="2025-09-26T21:32:58 IST" duration-ms="1089" status="PASS">
          <reporter-output>
          </reporter-output>
        </test-method> <!-- verifyLoginWithoutEnteringAnyCredentials -->
        <test-method is-config="true" signature="teardown()[pri:0, instance:tests.Login@5bf0d49]" started-at="2025-09-26T21:32:58 IST" name="teardown" finished-at="2025-09-26T21:32:59 IST" duration-ms="244" status="PASS">
          <reporter-output>
          </reporter-output>
        </test-method> <!-- teardown -->
      </class> <!-- tests.Login -->
    </test> <!-- Test -->
  </suite> <!-- Suite -->
</testng-results>
