<?xml version="1.0" encoding="UTF-8"?>
<testng-results ignored="3" total="4" passed="1" failed="0" skipped="0">
  <reporter-output>
  </reporter-output>
  <suite started-at="2025-09-10T20:59:53 IST" name="Default suite" finished-at="2025-09-10T21:00:00 IST" duration-ms="6716">
    <groups>
    </groups>
    <test started-at="2025-09-10T20:59:53 IST" name="Default test" finished-at="2025-09-10T21:00:00 IST" duration-ms="6716">
      <class name="tests.Register">
        <test-method is-config="true" signature="setup()[pri:0, instance:tests.Register@7b98f307]" started-at="2025-09-10T20:59:53 IST" name="setup" finished-at="2025-09-10T20:59:57 IST" duration-ms="3329" status="PASS">
          <reporter-output>
          </reporter-output>
        </test-method> <!-- setup -->
        <test-method signature="verifyRegistringByNotSubscribingToNewsletter()[pri:4, instance:tests.Register@7b98f307]" started-at="2025-09-10T20:59:57 IST" name="verifyRegistringByNotSubscribingToNewsletter" finished-at="2025-09-10T21:00:00 IST" duration-ms="3019" status="PASS">
          <reporter-output>
          </reporter-output>
        </test-method> <!-- verifyRegistringByNotSubscribingToNewsletter -->
        <test-method is-config="true" signature="teardown()[pri:0, instance:tests.Register@7b98f307]" started-at="2025-09-10T21:00:00 IST" name="teardown" finished-at="2025-09-10T21:00:00 IST" duration-ms="311" status="PASS">
          <reporter-output>
          </reporter-output>
        </test-method> <!-- teardown -->
      </class> <!-- tests.Register -->
    </test> <!-- Default test -->
  </suite> <!-- Default suite -->
</testng-results>
